[2026-03-11 21:21:22,027] 20 root - INFO - Data Ingestion is inititated
[2026-03-11 21:21:27,114] 72 root - INFO - Performed train test split on the DataFrame
[2026-03-11 21:21:27,114] 73 root - INFO - Excited split_data_as_train_test method of Data_Ingestion class
[2026-03-11 21:21:27,115] 75 root - INFO - Exposrting train file path
[2026-03-11 21:21:27,183] 82 root - INFO - Exporting test file path
[2026-03-11 21:21:27,201] 26 root - INFO - Data Ingestion Completed
[2026-03-11 21:21:27,202] 28 root - INFO - Data Validation is initiated
[2026-03-11 21:21:27,223] 14 root - INFO - Reading the yaml file
[2026-03-11 21:21:27,330] 36 root - INFO - required number of columns: 31
[2026-03-11 21:21:27,331] 37 root - INFO - Data frame has columns: 31
[2026-03-11 21:21:27,332] 36 root - INFO - required number of columns: 31
[2026-03-11 21:21:27,332] 37 root - INFO - Data frame has columns: 31
[2026-03-11 21:21:27,333] 50 root - INFO - Expected numerical columns: ['having_IP_Address', 'URL_Length', 'Shortining_Service', 'having_At_Symbol', 'double_slash_redirecting', 'Prefix_Suffix', 'having_Sub_Domain', 'SSLfinal_State', 'Domain_registeration_length', 'Favicon', 'port', 'HTTPS_token', 'Request_URL', 'URL_of_Anchor', 'Links_in_tags', 'SFH', 'Submitting_to_email', 'Abnormal_URL', 'Redirect', 'on_mouseover', 'RightClick', 'popUpWidnow', 'Iframe', 'age_of_domain', 'DNSRecord', 'web_traffic', 'Page_Rank', 'Google_Index', 'Links_pointing_to_page', 'Statistical_report', 'Result']
[2026-03-11 21:21:27,333] 50 root - INFO - Expected numerical columns: ['having_IP_Address', 'URL_Length', 'Shortining_Service', 'having_At_Symbol', 'double_slash_redirecting', 'Prefix_Suffix', 'having_Sub_Domain', 'SSLfinal_State', 'Domain_registeration_length', 'Favicon', 'port', 'HTTPS_token', 'Request_URL', 'URL_of_Anchor', 'Links_in_tags', 'SFH', 'Submitting_to_email', 'Abnormal_URL', 'Redirect', 'on_mouseover', 'RightClick', 'popUpWidnow', 'Iframe', 'age_of_domain', 'DNSRecord', 'web_traffic', 'Page_Rank', 'Google_Index', 'Links_pointing_to_page', 'Statistical_report', 'Result']
[2026-03-11 21:21:27,502] 27 root - INFO - Wite operation is completed for YAML file: Artifacts\03_11_2026_21_21_20\data_validation\drift_report\report.yaml
[2026-03-11 21:21:27,643] 34 root - INFO - Data Validation Completed
[2026-03-11 21:21:27,644] 37 root - INFO - Data Transformation is initiated in main.py file
[2026-03-11 21:21:27,644] 66 root - INFO - Entered initiate_data_transformation method of DataTransformation class
[2026-03-11 21:21:27,644] 69 root - INFO - Starting the Data Transformation currently in initiation method
[2026-03-11 21:21:27,726] 50 root - INFO - Entered get_data_trainsformer_object method of transformer class 
[2026-03-11 21:21:27,727] 53 root - INFO - Initialize KNN imputer with params {'missing_values': nan, 'n_neighbors': 3, 'weights': 'uniform'}
[2026-03-11 21:21:27,747] 48 root - INFO - Entered the sav_object method of utils file
[2026-03-11 21:21:27,753] 52 root - INFO - Excited the save_object method of mainutils class
[2026-03-11 21:21:27,755] 43 root - INFO - Data Transformation is completed
