[2026-03-12 17:38:18,457] 1025 httpx - INFO - HTTP Request: GET https://dagshub.com/api/v1/user "HTTP/1.1 200 OK"
[2026-03-12 17:38:18,457] 107 dagshub - INFO - Accessing as karthikerra67
[2026-03-12 17:38:19,648] 1025 httpx - INFO - HTTP Request: GET https://dagshub.com/api/v1/repos/karthikerra67/END_to_END_ML_Project_on_Phishing_Data "HTTP/1.1 200 OK"
[2026-03-12 17:38:20,822] 1025 httpx - INFO - HTTP Request: GET https://dagshub.com/api/v1/user "HTTP/1.1 200 OK"
[2026-03-12 17:38:20,825] 107 dagshub - INFO - Initialized MLflow to track repo "karthikerra67/END_to_END_ML_Project_on_Phishing_Data"
[2026-03-12 17:38:20,826] 107 dagshub - INFO - Repository karthikerra67/END_to_END_ML_Project_on_Phishing_Data initialized!
[2026-03-12 17:39:10,371] 114 root - INFO - RUNNING THE RUN PIPE LINE FUCNTION
[2026-03-12 17:39:10,371] 42 root - INFO - Start data Ingestion
[2026-03-12 17:39:13,698] 72 root - INFO - Performed train test split on the DataFrame
[2026-03-12 17:39:13,698] 73 root - INFO - Excited split_data_as_train_test method of Data_Ingestion class
[2026-03-12 17:39:13,698] 75 root - INFO - Exposrting train file path
[2026-03-12 17:39:13,782] 82 root - INFO - Exporting test file path
[2026-03-12 17:39:13,801] 45 root - INFO - Data Ingestion completed and artifact: DataIngestionArtifact(train_file_path='Artifacts\\03_12_2026_17_38_14\\data_ingestion\\ingested\\train.csv', test_file_path='Artifacts\\03_12_2026_17_38_14\\data_ingestion\\ingested\\test.csv')
[2026-03-12 17:39:13,840] 17 root - INFO - Reading the yaml file
[2026-03-12 17:39:13,857] 55 root - INFO - Initiate the data Validation
[2026-03-12 17:39:13,996] 36 root - INFO - required number of columns: 31
[2026-03-12 17:39:13,996] 37 root - INFO - Data frame has columns: 31
[2026-03-12 17:39:13,997] 36 root - INFO - required number of columns: 31
[2026-03-12 17:39:13,997] 37 root - INFO - Data frame has columns: 31
[2026-03-12 17:39:13,998] 50 root - INFO - Expected numerical columns: ['having_IP_Address', 'URL_Length', 'Shortining_Service', 'having_At_Symbol', 'double_slash_redirecting', 'Prefix_Suffix', 'having_Sub_Domain', 'SSLfinal_State', 'Domain_registeration_length', 'Favicon', 'port', 'HTTPS_token', 'Request_URL', 'URL_of_Anchor', 'Links_in_tags', 'SFH', 'Submitting_to_email', 'Abnormal_URL', 'Redirect', 'on_mouseover', 'RightClick', 'popUpWidnow', 'Iframe', 'age_of_domain', 'DNSRecord', 'web_traffic', 'Page_Rank', 'Google_Index', 'Links_pointing_to_page', 'Statistical_report', 'Result']
[2026-03-12 17:39:13,999] 50 root - INFO - Expected numerical columns: ['having_IP_Address', 'URL_Length', 'Shortining_Service', 'having_At_Symbol', 'double_slash_redirecting', 'Prefix_Suffix', 'having_Sub_Domain', 'SSLfinal_State', 'Domain_registeration_length', 'Favicon', 'port', 'HTTPS_token', 'Request_URL', 'URL_of_Anchor', 'Links_in_tags', 'SFH', 'Submitting_to_email', 'Abnormal_URL', 'Redirect', 'on_mouseover', 'RightClick', 'popUpWidnow', 'Iframe', 'age_of_domain', 'DNSRecord', 'web_traffic', 'Page_Rank', 'Google_Index', 'Links_pointing_to_page', 'Statistical_report', 'Result']
[2026-03-12 17:39:14,157] 30 root - INFO - Wite operation is completed for YAML file: Artifacts\03_12_2026_17_38_14\data_validation\drift_report\report.yaml
[2026-03-12 17:39:14,283] 66 root - INFO - Entered initiate_data_transformation method of DataTransformation class
[2026-03-12 17:39:14,283] 69 root - INFO - Starting the Data Transformation currently in initiation method
[2026-03-12 17:39:14,382] 50 root - INFO - Entered get_data_trainsformer_object method of transformer class 
[2026-03-12 17:39:14,382] 53 root - INFO - Initialize KNN imputer with params {'missing_values': nan, 'n_neighbors': 3, 'weights': 'uniform'}
[2026-03-12 17:39:14,416] 51 root - INFO - Entered the save_object method of utils file
[2026-03-12 17:39:14,423] 55 root - INFO - Excited the save_object method of mainutils class
[2026-03-12 17:39:14,424] 51 root - INFO - Entered the save_object method of utils file
[2026-03-12 17:39:14,429] 55 root - INFO - Excited the save_object method of mainutils class
[2026-03-12 17:45:05,316] 51 root - INFO - Finished MLFlow tracking
[2026-03-12 17:45:27,518] 51 root - INFO - Finished MLFlow tracking
[2026-03-12 17:45:28,644] 51 root - INFO - Entered the save_object method of utils file
[2026-03-12 17:45:28,660] 55 root - INFO - Excited the save_object method of mainutils class
[2026-03-12 17:45:28,660] 51 root - INFO - Entered the save_object method of utils file
[2026-03-12 17:45:28,675] 55 root - INFO - Excited the save_object method of mainutils class
[2026-03-12 17:45:28,676] 131 root - INFO - Model Trainer Artifact ModelTrainerArtifact(trained_model_file_path='Artifacts\\03_12_2026_17_38_14\\model_trainer\\trained_model\\model.pkl', train_metric_artifact=ClassificationMetricArtifact(f1_score=0.9912023460410557, precision_score=0.9903010709234189, recall_score=0.9921052631578947), test_metric_artifact=ClassificationMetricArtifact(f1_score=0.972753151687678, precision_score=0.9629629629629629, recall_score=0.9827444535743632))
[2026-03-12 17:45:28,679] 93 root - INFO - Entered the sync_artifact_dir_to_s3
[2026-03-12 17:45:28,679] 95 root - INFO - trying to sync the articat directory to s3 bucket
[2026-03-12 17:45:28,679] 6 root - INFO - Entered the sync_folder_to_s3 function
[2026-03-12 17:45:34,760] 98 root - INFO - artifact foler synced to the s3 bucket successfully!
[2026-03-12 17:45:34,760] 6 root - INFO - Entered the sync_folder_to_s3 function
[2026-03-12 17:45:38,431] 123 root - INFO - RUN PIPELINE FUNCTION EXITED SUCCESSFULLY!
