[2026-03-12 12:42:35,681] 1025 httpx - INFO - HTTP Request: GET https://dagshub.com/api/v1/user "HTTP/1.1 200 OK"
[2026-03-12 12:42:35,922] 107 dagshub - INFO - Accessing as karthikerra67
[2026-03-12 12:42:37,307] 1025 httpx - INFO - HTTP Request: GET https://dagshub.com/api/v1/repos/karthikerra67/END_to_END_ML_Project_on_Phishing_Data "HTTP/1.1 200 OK"
[2026-03-12 12:42:38,635] 1025 httpx - INFO - HTTP Request: GET https://dagshub.com/api/v1/user "HTTP/1.1 200 OK"
[2026-03-12 12:42:38,644] 107 dagshub - INFO - Initialized MLflow to track repo "karthikerra67/END_to_END_ML_Project_on_Phishing_Data"
[2026-03-12 12:42:38,647] 107 dagshub - INFO - Repository karthikerra67/END_to_END_ML_Project_on_Phishing_Data initialized!
[2026-03-12 12:42:38,650] 22 root - INFO - Data Ingestion is inititated
[2026-03-12 12:42:43,429] 72 root - INFO - Performed train test split on the DataFrame
[2026-03-12 12:42:43,429] 73 root - INFO - Excited split_data_as_train_test method of Data_Ingestion class
[2026-03-12 12:42:43,429] 75 root - INFO - Exposrting train file path
[2026-03-12 12:42:43,553] 82 root - INFO - Exporting test file path
[2026-03-12 12:42:43,572] 28 root - INFO - Data Ingestion Completed
[2026-03-12 12:42:43,572] 30 root - INFO - Data Validation is initiated
[2026-03-12 12:42:43,576] 17 root - INFO - Reading the yaml file
[2026-03-12 12:42:43,681] 36 root - INFO - required number of columns: 31
[2026-03-12 12:42:43,682] 37 root - INFO - Data frame has columns: 31
[2026-03-12 12:42:43,682] 36 root - INFO - required number of columns: 31
[2026-03-12 12:42:43,682] 37 root - INFO - Data frame has columns: 31
[2026-03-12 12:42:43,683] 50 root - INFO - Expected numerical columns: ['having_IP_Address', 'URL_Length', 'Shortining_Service', 'having_At_Symbol', 'double_slash_redirecting', 'Prefix_Suffix', 'having_Sub_Domain', 'SSLfinal_State', 'Domain_registeration_length', 'Favicon', 'port', 'HTTPS_token', 'Request_URL', 'URL_of_Anchor', 'Links_in_tags', 'SFH', 'Submitting_to_email', 'Abnormal_URL', 'Redirect', 'on_mouseover', 'RightClick', 'popUpWidnow', 'Iframe', 'age_of_domain', 'DNSRecord', 'web_traffic', 'Page_Rank', 'Google_Index', 'Links_pointing_to_page', 'Statistical_report', 'Result']
[2026-03-12 12:42:43,683] 50 root - INFO - Expected numerical columns: ['having_IP_Address', 'URL_Length', 'Shortining_Service', 'having_At_Symbol', 'double_slash_redirecting', 'Prefix_Suffix', 'having_Sub_Domain', 'SSLfinal_State', 'Domain_registeration_length', 'Favicon', 'port', 'HTTPS_token', 'Request_URL', 'URL_of_Anchor', 'Links_in_tags', 'SFH', 'Submitting_to_email', 'Abnormal_URL', 'Redirect', 'on_mouseover', 'RightClick', 'popUpWidnow', 'Iframe', 'age_of_domain', 'DNSRecord', 'web_traffic', 'Page_Rank', 'Google_Index', 'Links_pointing_to_page', 'Statistical_report', 'Result']
[2026-03-12 12:42:43,822] 30 root - INFO - Wite operation is completed for YAML file: Artifacts\03_12_2026_12_42_22\data_validation\drift_report\report.yaml
[2026-03-12 12:42:43,894] 36 root - INFO - Data Validation Completed
[2026-03-12 12:42:43,895] 39 root - INFO - Data Transformation is initiated in main.py file
[2026-03-12 12:42:43,895] 66 root - INFO - Entered initiate_data_transformation method of DataTransformation class
[2026-03-12 12:42:43,895] 69 root - INFO - Starting the Data Transformation currently in initiation method
[2026-03-12 12:42:43,958] 50 root - INFO - Entered get_data_trainsformer_object method of transformer class 
[2026-03-12 12:42:43,968] 53 root - INFO - Initialize KNN imputer with params {'missing_values': nan, 'n_neighbors': 3, 'weights': 'uniform'}
[2026-03-12 12:42:43,986] 51 root - INFO - Entered the save_object method of utils file
[2026-03-12 12:42:43,991] 55 root - INFO - Excited the save_object method of mainutils class
[2026-03-12 12:42:43,994] 45 root - INFO - Data Transformation is completed
[2026-03-12 12:42:43,996] 48 root - INFO - Model Training is Inittiated in main.py
[2026-03-12 12:48:14,381] 50 root - INFO - Finished MLFlow tracking
[2026-03-12 12:48:51,399] 50 root - INFO - Finished MLFlow tracking
[2026-03-12 12:48:52,379] 51 root - INFO - Entered the save_object method of utils file
[2026-03-12 12:48:52,534] 55 root - INFO - Excited the save_object method of mainutils class
[2026-03-12 12:48:52,535] 127 root - INFO - Model Trainer Artifact ModelTrainerArtifact(trained_model_file_path='Artifacts\\03_12_2026_12_42_22\\model_trainer\\trained_model\\model.pkl', train_metric_artifact=ClassificationMetricArtifact(f1_score=0.9913025889967637, precision_score=0.9867123011878397, recall_score=0.9959357854094696), test_metric_artifact=ClassificationMetricArtifact(f1_score=0.9760191846522782, precision_score=0.9644549763033176, recall_score=0.9878640776699029))
[2026-03-12 12:48:52,545] 53 root - INFO - model training is completed in main.py
