[2026-03-12 10:06:53,484] 22 root - INFO - Data Ingestion is inititated
[2026-03-12 10:06:58,600] 72 root - INFO - Performed train test split on the DataFrame
[2026-03-12 10:06:58,600] 73 root - INFO - Excited split_data_as_train_test method of Data_Ingestion class
[2026-03-12 10:06:58,600] 75 root - INFO - Exposrting train file path
[2026-03-12 10:06:58,674] 82 root - INFO - Exporting test file path
[2026-03-12 10:06:58,694] 28 root - INFO - Data Ingestion Completed
[2026-03-12 10:06:58,695] 30 root - INFO - Data Validation is initiated
[2026-03-12 10:06:58,715] 17 root - INFO - Reading the yaml file
[2026-03-12 10:06:58,817] 36 root - INFO - required number of columns: 31
[2026-03-12 10:06:58,817] 37 root - INFO - Data frame has columns: 31
[2026-03-12 10:06:58,824] 36 root - INFO - required number of columns: 31
[2026-03-12 10:06:58,824] 37 root - INFO - Data frame has columns: 31
[2026-03-12 10:06:58,824] 50 root - INFO - Expected numerical columns: ['having_IP_Address', 'URL_Length', 'Shortining_Service', 'having_At_Symbol', 'double_slash_redirecting', 'Prefix_Suffix', 'having_Sub_Domain', 'SSLfinal_State', 'Domain_registeration_length', 'Favicon', 'port', 'HTTPS_token', 'Request_URL', 'URL_of_Anchor', 'Links_in_tags', 'SFH', 'Submitting_to_email', 'Abnormal_URL', 'Redirect', 'on_mouseover', 'RightClick', 'popUpWidnow', 'Iframe', 'age_of_domain', 'DNSRecord', 'web_traffic', 'Page_Rank', 'Google_Index', 'Links_pointing_to_page', 'Statistical_report', 'Result']
[2026-03-12 10:06:58,824] 50 root - INFO - Expected numerical columns: ['having_IP_Address', 'URL_Length', 'Shortining_Service', 'having_At_Symbol', 'double_slash_redirecting', 'Prefix_Suffix', 'having_Sub_Domain', 'SSLfinal_State', 'Domain_registeration_length', 'Favicon', 'port', 'HTTPS_token', 'Request_URL', 'URL_of_Anchor', 'Links_in_tags', 'SFH', 'Submitting_to_email', 'Abnormal_URL', 'Redirect', 'on_mouseover', 'RightClick', 'popUpWidnow', 'Iframe', 'age_of_domain', 'DNSRecord', 'web_traffic', 'Page_Rank', 'Google_Index', 'Links_pointing_to_page', 'Statistical_report', 'Result']
[2026-03-12 10:06:58,998] 30 root - INFO - Wite operation is completed for YAML file: Artifacts\03_12_2026_10_06_42\data_validation\drift_report\report.yaml
[2026-03-12 10:06:59,087] 36 root - INFO - Data Validation Completed
[2026-03-12 10:06:59,087] 39 root - INFO - Data Transformation is initiated in main.py file
[2026-03-12 10:06:59,087] 66 root - INFO - Entered initiate_data_transformation method of DataTransformation class
[2026-03-12 10:06:59,087] 69 root - INFO - Starting the Data Transformation currently in initiation method
[2026-03-12 10:06:59,160] 50 root - INFO - Entered get_data_trainsformer_object method of transformer class 
[2026-03-12 10:06:59,160] 53 root - INFO - Initialize KNN imputer with params {'missing_values': nan, 'n_neighbors': 3, 'weights': 'uniform'}
[2026-03-12 10:06:59,185] 51 root - INFO - Entered the save_object method of utils file
[2026-03-12 10:06:59,194] 55 root - INFO - Excited the save_object method of mainutils class
[2026-03-12 10:06:59,194] 45 root - INFO - Data Transformation is completed
[2026-03-12 10:06:59,194] 48 root - INFO - Model Training is Inittiated in main.py
[2026-03-12 10:12:48,662] 51 root - INFO - Entered the save_object method of utils file
[2026-03-12 10:12:48,690] 55 root - INFO - Excited the save_object method of mainutils class
[2026-03-12 10:12:48,694] 121 root - INFO - Model Trainer Artifact ModelTrainerArtifact(trained_model_file_path='Artifacts\\03_12_2026_10_06_42\\model_trainer\\trained_model\\model.pkl', train_metric_artifact=ClassificationMetricArtifact(f1_score=0.9912884927066451, precision_score=0.9886845827439887, recall_score=0.9939061547836685), test_metric_artifact=ClassificationMetricArtifact(f1_score=0.9790491539081386, precision_score=0.9735576923076923, recall_score=0.9846029173419774))
[2026-03-12 10:12:48,698] 53 root - INFO - model training is completed in main.py
