[2026-03-12 09:23:14,618] 22 root - INFO - Data Ingestion is inititated
[2026-03-12 09:23:18,799] 72 root - INFO - Performed train test split on the DataFrame
[2026-03-12 09:23:18,799] 73 root - INFO - Excited split_data_as_train_test method of Data_Ingestion class
[2026-03-12 09:23:18,799] 75 root - INFO - Exposrting train file path
[2026-03-12 09:23:18,870] 82 root - INFO - Exporting test file path
[2026-03-12 09:23:18,888] 28 root - INFO - Data Ingestion Completed
[2026-03-12 09:23:18,888] 30 root - INFO - Data Validation is initiated
[2026-03-12 09:23:18,888] 17 root - INFO - Reading the yaml file
[2026-03-12 09:23:19,092] 36 root - INFO - required number of columns: 31
[2026-03-12 09:23:19,092] 37 root - INFO - Data frame has columns: 31
[2026-03-12 09:23:19,092] 36 root - INFO - required number of columns: 31
[2026-03-12 09:23:19,092] 37 root - INFO - Data frame has columns: 31
[2026-03-12 09:23:19,102] 50 root - INFO - Expected numerical columns: ['having_IP_Address', 'URL_Length', 'Shortining_Service', 'having_At_Symbol', 'double_slash_redirecting', 'Prefix_Suffix', 'having_Sub_Domain', 'SSLfinal_State', 'Domain_registeration_length', 'Favicon', 'port', 'HTTPS_token', 'Request_URL', 'URL_of_Anchor', 'Links_in_tags', 'SFH', 'Submitting_to_email', 'Abnormal_URL', 'Redirect', 'on_mouseover', 'RightClick', 'popUpWidnow', 'Iframe', 'age_of_domain', 'DNSRecord', 'web_traffic', 'Page_Rank', 'Google_Index', 'Links_pointing_to_page', 'Statistical_report', 'Result']
[2026-03-12 09:23:19,103] 50 root - INFO - Expected numerical columns: ['having_IP_Address', 'URL_Length', 'Shortining_Service', 'having_At_Symbol', 'double_slash_redirecting', 'Prefix_Suffix', 'having_Sub_Domain', 'SSLfinal_State', 'Domain_registeration_length', 'Favicon', 'port', 'HTTPS_token', 'Request_URL', 'URL_of_Anchor', 'Links_in_tags', 'SFH', 'Submitting_to_email', 'Abnormal_URL', 'Redirect', 'on_mouseover', 'RightClick', 'popUpWidnow', 'Iframe', 'age_of_domain', 'DNSRecord', 'web_traffic', 'Page_Rank', 'Google_Index', 'Links_pointing_to_page', 'Statistical_report', 'Result']
[2026-03-12 09:23:19,277] 30 root - INFO - Wite operation is completed for YAML file: Artifacts\03_12_2026_09_23_12\data_validation\drift_report\report.yaml
[2026-03-12 09:23:19,366] 36 root - INFO - Data Validation Completed
[2026-03-12 09:23:19,366] 39 root - INFO - Data Transformation is initiated in main.py file
[2026-03-12 09:23:19,366] 66 root - INFO - Entered initiate_data_transformation method of DataTransformation class
[2026-03-12 09:23:19,366] 69 root - INFO - Starting the Data Transformation currently in initiation method
[2026-03-12 09:23:19,433] 50 root - INFO - Entered get_data_trainsformer_object method of transformer class 
[2026-03-12 09:23:19,433] 53 root - INFO - Initialize KNN imputer with params {'missing_values': nan, 'n_neighbors': 3, 'weights': 'uniform'}
[2026-03-12 09:23:19,458] 51 root - INFO - Entered the save_object method of utils file
[2026-03-12 09:23:19,467] 55 root - INFO - Excited the save_object method of mainutils class
[2026-03-12 09:23:19,469] 45 root - INFO - Data Transformation is completed
[2026-03-12 09:23:19,469] 48 root - INFO - Model Training is Inittiated in main.py
